<?xml version="1.0" encoding="UTF-8"?>
<!-- Generated by org.testng.reporters.JUnitReportReporter -->
<testsuite hostname="DESKTOP-B8PP1IT" failures="0" tests="1" name="testNgPackage.BeforeAfterClassTwo" time="60.531" errors="0" timestamp="2022-08-30T09:43:30 EDT" skipped="0">
  <testcase classname="testNgPackage.BeforeAfterClassTwo" name="OpeningBrowserTwo" time="60.531"/>
  <system-out/>
</testsuite> <!-- testNgPackage.BeforeAfterClassTwo -->
