<?xml version="1.0" encoding="UTF-8"?>
<!-- Generated by org.testng.reporters.JUnitReportReporter -->
<testsuite hostname="DESKTOP-B8PP1IT" failures="0" tests="8" name="testNgPackage_FirstAssignmentPackage.ArrivalImage_AddToBasket" time="60.807" errors="0" timestamp="2022-09-13T20:02:29 EDT" skipped="0">
  <testcase classname="testNgPackage_FirstAssignmentPackage.ArrivalImage_AddToBasket" name="ClikingOnHomeButton" time="4.954"/>
  <system-out/>
  <testcase classname="testNgPackage_FirstAssignmentPackage.ArrivalImage_AddToBasket" name="ViewMenuItemWithPrice" time="8.296"/>
  <system-out/>
  <testcase classname="testNgPackage_FirstAssignmentPackage.ArrivalImage_AddToBasket" name="ClikingOnAddToBasketButton" time="12.202"/>
  <system-out/>
  <testcase classname="testNgPackage_FirstAssignmentPackage.ArrivalImage_AddToBasket" name="openingBrowser" time="10.895"/>
  <system-out/>
  <testcase classname="testNgPackage_FirstAssignmentPackage.ArrivalImage_AddToBasket" name="enteringUrl" time="2.015"/>
  <system-out/>
  <testcase classname="testNgPackage_FirstAssignmentPackage.ArrivalImage_AddToBasket" name="ClikingOnShopButton" time="4.943"/>
  <system-out/>
  <testcase classname="testNgPackage_FirstAssignmentPackage.ArrivalImage_AddToBasket" name="HomePageThreeSliders" time="6.207"/>
  <system-out/>
  <testcase classname="testNgPackage_FirstAssignmentPackage.ArrivalImage_AddToBasket" name="ClikingTheImageInArravals" time="11.295"/>
  <system-out/>
</testsuite> <!-- testNgPackage_FirstAssignmentPackage.ArrivalImage_AddToBasket -->
