<?xml version="1.0" encoding="UTF-8"?>
<!-- Generated by org.testng.reporters.JUnitReportReporter -->
<testsuite hostname="DESKTOP-B8PP1IT" failures="0" tests="3" name="testNgPackage.DataProviderClass" time="16.419" errors="0" timestamp="2022-09-12T14:53:24 EDT" skipped="0">
  <testcase classname="testNgPackage.DataProviderClass" name="checking" time="5.193"/>
  <system-out/>
  <testcase classname="testNgPackage.DataProviderClass" name="checking" time="4.391"/>
  <system-out/>
  <testcase classname="testNgPackage.DataProviderClass" name="checking" time="6.835"/>
  <system-out/>
</testsuite> <!-- testNgPackage.DataProviderClass -->
