<?xml version="1.0" encoding="UTF-8"?>
<!-- Generated by org.testng.reporters.JUnitReportReporter -->
<testsuite hostname="DESKTOP-B8PP1IT" failures="0" tests="3" name="testNgPackage.DependencyClass" time="18.266" errors="0" timestamp="2022-09-12T12:13:56 EDT" skipped="0">
  <testcase classname="testNgPackage.DependencyClass" name="OpeningYahooSite" time="6.553"/>
  <system-out/>
  <testcase classname="testNgPackage.DependencyClass" name="OpeningAmazonSite" time="6.046"/>
  <system-out/>
  <testcase classname="testNgPackage.DependencyClass" name="OpeningCNBCSite" time="5.667"/>
  <system-out/>
</testsuite> <!-- testNgPackage.DependencyClass -->
