<?xml version="1.0" encoding="UTF-8"?>
<!-- Generated by org.testng.reporters.JUnitReportReporter -->
<testsuite hostname="DESKTOP-B8PP1IT" failures="0" tests="3" name="testNgPackage.OpenWebsite" time="28.492" errors="0" timestamp="2022-08-26T12:38:14 EDT" skipped="0">
  <testcase classname="testNgPackage.OpenWebsite" name="OpeningAmazonSite" time="6.224"/>
  <system-out/>
  <testcase classname="testNgPackage.OpenWebsite" name="openingYahooSite" time="7.390"/>
  <system-out/>
  <testcase classname="testNgPackage.OpenWebsite" name="openingCnbcSite" time="14.878"/>
  <system-out/>
</testsuite> <!-- testNgPackage.OpenWebsite -->
