<?xml version="1.0" encoding="UTF-8"?>
<!-- Generated by org.testng.reporters.JUnitReportReporter -->
<testsuite hostname="DESKTOP-B8PP1IT" failures="0" tests="8" name="testNgPackage_FirstAssignmentPackage.ArrivalImage_AddToBasket" time="67.800" errors="0" timestamp="2022-09-09T16:35:19 EDT" skipped="0">
  <testcase classname="testNgPackage_FirstAssignmentPackage.ArrivalImage_AddToBasket" name="ClikingOnAddToBasketButton" time="12.369"/>
  <system-out/>
  <testcase classname="testNgPackage_FirstAssignmentPackage.ArrivalImage_AddToBasket" name="ViewMenuItemWithPrice" time="9.383"/>
  <system-out/>
  <testcase classname="testNgPackage_FirstAssignmentPackage.ArrivalImage_AddToBasket" name="ClikingOnHomeButton" time="5.777"/>
  <system-out/>
  <testcase classname="testNgPackage_FirstAssignmentPackage.ArrivalImage_AddToBasket" name="openingBrowser" time="7.768"/>
  <system-out/>
  <testcase classname="testNgPackage_FirstAssignmentPackage.ArrivalImage_AddToBasket" name="enteringUrl" time="2.010"/>
  <system-out/>
  <testcase classname="testNgPackage_FirstAssignmentPackage.ArrivalImage_AddToBasket" name="ClikingOnShopButton" time="6.025"/>
  <system-out/>
  <testcase classname="testNgPackage_FirstAssignmentPackage.ArrivalImage_AddToBasket" name="HomePageThreeSliders" time="6.247"/>
  <system-out/>
  <testcase classname="testNgPackage_FirstAssignmentPackage.ArrivalImage_AddToBasket" name="ClikingTheImageInArravals" time="18.221"/>
  <system-out/>
</testsuite> <!-- testNgPackage_FirstAssignmentPackage.ArrivalImage_AddToBasket -->
