<?xml version="1.0" encoding="UTF-8"?>
<!-- Generated by org.testng.reporters.JUnitReportReporter -->
<testsuite hostname="DESKTOP-B8PP1IT" failures="0" tests="3" name="testNgPackage_SimilarProgramPractice.OpenWebsites" time="22.917" errors="0" timestamp="2022-09-12T13:07:31 EDT" skipped="0">
  <testcase classname="testNgPackage_SimilarProgramPractice.OpenWebsites" name="OpeningDillardsSite" time="7.109"/>
  <system-out/>
  <testcase classname="testNgPackage_SimilarProgramPractice.OpenWebsites" name="OpeningWalmartSite" time="7.349"/>
  <system-out/>
  <testcase classname="testNgPackage_SimilarProgramPractice.OpenWebsites" name="OpeningMacysSite" time="8.459"/>
  <system-out/>
</testsuite> <!-- testNgPackage_SimilarProgramPractice.OpenWebsites -->
