<?xml version="1.0" encoding="UTF-8"?>
<!-- Generated by org.testng.reporters.JUnitReportReporter -->
<testsuite hostname="DESKTOP-B8PP1IT" failures="0" tests="3" name="testNgPackage.DependencyClassOne" time="85.726" errors="0" timestamp="2022-09-09T13:02:15 EDT" skipped="0">
  <testcase classname="testNgPackage.DependencyClassOne" name="OpeningGoogleSite" time="5.752"/>
  <system-out/>
  <testcase classname="testNgPackage.DependencyClassOne" name="OpeningCnnSite" time="71.634"/>
  <system-out/>
  <testcase classname="testNgPackage.DependencyClassOne" name="OpeningItLearn360Site" time="8.340"/>
  <system-out/>
</testsuite> <!-- testNgPackage.DependencyClassOne -->
