<?xml version="1.0" encoding="UTF-8"?>
<!-- Generated by org.testng.reporters.JUnitReportReporter -->
<testsuite hostname="DESKTOP-B8PP1IT" failures="0" tests="3" name="testNgPackage.PriorityTest" time="38.424" errors="0" timestamp="2022-08-23T23:46:51 EDT" skipped="0">
  <testcase classname="testNgPackage.PriorityTest" name="openingAmazonSite" time="7.749"/>
  <system-out/>
  <testcase classname="testNgPackage.PriorityTest" name="openingCnbcSite" time="5.319"/>
  <system-out/>
  <testcase classname="testNgPackage.PriorityTest" name="openingYahooSite" time="25.356"/>
  <system-out/>
</testsuite> <!-- testNgPackage.PriorityTest -->
