<?xml version="1.0" encoding="UTF-8"?>
<!-- Generated by org.testng.reporters.JUnitReportReporter -->
<testsuite hostname="DESKTOP-B8PP1IT" failures="0" tests="8" name="testNgPackage.ArrivalImageReviews" time="84.994" errors="0" timestamp="2022-09-09T15:31:11 EDT" skipped="0">
  <testcase classname="testNgPackage.ArrivalImageReviews" name="addingBooksInBasket" time="6.254"/>
  <system-out/>
  <testcase classname="testNgPackage.ArrivalImageReviews" name="clickingOnReviewsTab" time="20.473"/>
  <system-out/>
  <testcase classname="testNgPackage.ArrivalImageReviews" name="ClickingOnShopButton" time="6.810"/>
  <system-out/>
  <testcase classname="testNgPackage.ArrivalImageReviews" name="MoveToThreeSliders" time="6.355"/>
  <system-out/>
  <testcase classname="testNgPackage.ArrivalImageReviews" name="ClickOnHomeButton" time="5.682"/>
  <system-out/>
  <testcase classname="testNgPackage.ArrivalImageReviews" name="clickingImageInArrivals" time="28.052"/>
  <system-out/>
  <testcase classname="testNgPackage.ArrivalImageReviews" name="OpningUrl" time="3.011"/>
  <system-out/>
  <testcase classname="testNgPackage.ArrivalImageReviews" name="openingBrowser" time="8.357"/>
  <system-out/>
</testsuite> <!-- testNgPackage.ArrivalImageReviews -->
