<?xml version="1.0" encoding="UTF-8"?>
<!-- Generated by org.testng.reporters.JUnitReportReporter -->
<testsuite hostname="DESKTOP-B8PP1IT" failures="0" tests="8" name="testNgPackage_SimilarProgramPractice.BeforeAfter_SimilarPractice" time="80.989" errors="0" timestamp="2022-09-09T16:43:14 EDT" skipped="0">
  <testcase classname="testNgPackage_SimilarProgramPractice.BeforeAfter_SimilarPractice" name="clickingOnDescription" time="19.610"/>
  <system-out/>
  <testcase classname="testNgPackage_SimilarProgramPractice.BeforeAfter_SimilarPractice" name="arrivalImage" time="24.002"/>
  <system-out/>
  <testcase classname="testNgPackage_SimilarProgramPractice.BeforeAfter_SimilarPractice" name="openingUrl" time="2.020"/>
  <system-out/>
  <testcase classname="testNgPackage_SimilarProgramPractice.BeforeAfter_SimilarPractice" name="threeSliders" time="8.451"/>
  <system-out/>
  <testcase classname="testNgPackage_SimilarProgramPractice.BeforeAfter_SimilarPractice" name="addingBookIntoBasket" time="6.277"/>
  <system-out/>
  <testcase classname="testNgPackage_SimilarProgramPractice.BeforeAfter_SimilarPractice" name="clickHomeButton" time="4.467"/>
  <system-out/>
  <testcase classname="testNgPackage_SimilarProgramPractice.BeforeAfter_SimilarPractice" name="ShopButton" time="5.817"/>
  <system-out/>
  <testcase classname="testNgPackage_SimilarProgramPractice.BeforeAfter_SimilarPractice" name="OpeningBrowserTwo" time="10.345"/>
  <system-out/>
</testsuite> <!-- testNgPackage_SimilarProgramPractice.BeforeAfter_SimilarPractice -->
