<?xml version="1.0" encoding="UTF-8"?>
<!-- Generated by org.testng.reporters.JUnitReportReporter -->
<testsuite hostname="DESKTOP-B8PP1IT" failures="0" tests="3" name="testNgPackage_SimilarProgramPractice.Dependency_SimilarPractice" time="62.586" errors="0" timestamp="2022-09-09T16:39:51 EDT" skipped="0">
  <testcase classname="testNgPackage_SimilarProgramPractice.Dependency_SimilarPractice" name="OpeningCnnSite" time="49.160"/>
  <system-out/>
  <testcase classname="testNgPackage_SimilarProgramPractice.Dependency_SimilarPractice" name="OpeningItLearn360Site" time="7.575"/>
  <system-out/>
  <testcase classname="testNgPackage_SimilarProgramPractice.Dependency_SimilarPractice" name="OpeningGoogleSite" time="5.851"/>
  <system-out/>
</testsuite> <!-- testNgPackage_SimilarProgramPractice.Dependency_SimilarPractice -->
