<?xml version="1.0" encoding="UTF-8"?>
<!-- Generated by org.testng.reporters.JUnitReportReporter -->
<testsuite hostname="DESKTOP-B8PP1IT" failures="0" tests="8" name="testNgPackage.OpenBrowserClass" time="151.326" errors="0" timestamp="2022-08-29T15:17:50 EDT" skipped="0">
  <testcase classname="testNgPackage.OpenBrowserClass" name="ClickOnTheHomeButton" time="17.250"/>
  <system-out/>
  <testcase classname="testNgPackage.OpenBrowserClass" name="OpeningBrowser" time="8.163"/>
  <system-out/>
  <testcase classname="testNgPackage.OpenBrowserClass" name="AddTheBookIntotheBasket" time="19.536"/>
  <system-out/>
  <testcase classname="testNgPackage.OpenBrowserClass" name="ClickOnDescriptionTab" time="25.913"/>
  <system-out/>
  <testcase classname="testNgPackage.OpenBrowserClass" name="ClikingImageArrivals" time="42.951"/>
  <system-out/>
  <testcase classname="testNgPackage.OpenBrowserClass" name="HomePageThreeSliders" time="16.434"/>
  <system-out/>
  <testcase classname="testNgPackage.OpenBrowserClass" name="EnterTheUrl" time="9.043"/>
  <system-out/>
  <testcase classname="testNgPackage.OpenBrowserClass" name="ClickOnTheShopButton" time="12.036"/>
  <system-out/>
</testsuite> <!-- testNgPackage.OpenBrowserClass -->
