<?xml version="1.0" encoding="UTF-8"?>
<!-- Generated by org.testng.reporters.JUnitReportReporter -->
<testsuite hostname="DESKTOP-B8PP1IT" failures="0" tests="8" name="testNgPackage_FirstAssignmentPackage.ArrivalsImage_Description" time="73.901" errors="0" timestamp="2022-09-09T16:29:36 EDT" skipped="0">
  <testcase classname="testNgPackage_FirstAssignmentPackage.ArrivalsImage_Description" name="clickingOnDescription" time="16.295"/>
  <system-out/>
  <testcase classname="testNgPackage_FirstAssignmentPackage.ArrivalsImage_Description" name="arrivalImage" time="21.030"/>
  <system-out/>
  <testcase classname="testNgPackage_FirstAssignmentPackage.ArrivalsImage_Description" name="openingUrl" time="2.009"/>
  <system-out/>
  <testcase classname="testNgPackage_FirstAssignmentPackage.ArrivalsImage_Description" name="threeSliders" time="8.353"/>
  <system-out/>
  <testcase classname="testNgPackage_FirstAssignmentPackage.ArrivalsImage_Description" name="addingBookIntoBasket" time="6.262"/>
  <system-out/>
  <testcase classname="testNgPackage_FirstAssignmentPackage.ArrivalsImage_Description" name="clickHomeButton" time="5.995"/>
  <system-out/>
  <testcase classname="testNgPackage_FirstAssignmentPackage.ArrivalsImage_Description" name="ShopButton" time="4.027"/>
  <system-out/>
  <testcase classname="testNgPackage_FirstAssignmentPackage.ArrivalsImage_Description" name="OpeningBrowserTwo" time="9.930"/>
  <system-out/>
</testsuite> <!-- testNgPackage_FirstAssignmentPackage.ArrivalsImage_Description -->
