<?xml version="1.0" encoding="UTF-8"?>
<!-- Generated by org.testng.reporters.JUnitReportReporter -->
<testsuite hostname="DESKTOP-B8PP1IT" failures="0" tests="8" name="testNgPackage_FirstAssignmentPackage.ArrivalImage_Review" time="74.483" errors="0" timestamp="2022-09-09T16:32:27 EDT" skipped="0">
  <testcase classname="testNgPackage_FirstAssignmentPackage.ArrivalImage_Review" name="addingBooksInBasket" time="6.302"/>
  <system-out/>
  <testcase classname="testNgPackage_FirstAssignmentPackage.ArrivalImage_Review" name="clickingOnReviewsTab" time="20.338"/>
  <system-out/>
  <testcase classname="testNgPackage_FirstAssignmentPackage.ArrivalImage_Review" name="ClickingOnShopButton" time="5.996"/>
  <system-out/>
  <testcase classname="testNgPackage_FirstAssignmentPackage.ArrivalImage_Review" name="MoveToThreeSliders" time="6.267"/>
  <system-out/>
  <testcase classname="testNgPackage_FirstAssignmentPackage.ArrivalImage_Review" name="ClickOnHomeButton" time="6.200"/>
  <system-out/>
  <testcase classname="testNgPackage_FirstAssignmentPackage.ArrivalImage_Review" name="clickingImageInArrivals" time="20.446"/>
  <system-out/>
  <testcase classname="testNgPackage_FirstAssignmentPackage.ArrivalImage_Review" name="OpningUrl" time="3.021"/>
  <system-out/>
  <testcase classname="testNgPackage_FirstAssignmentPackage.ArrivalImage_Review" name="openingBrowser" time="5.913"/>
  <system-out/>
</testsuite> <!-- testNgPackage_FirstAssignmentPackage.ArrivalImage_Review -->
