<?xml version="1.0" encoding="UTF-8"?>
<!-- Generated by org.testng.reporters.JUnitReportReporter -->
<testsuite hostname="DESKTOP-B8PP1IT" failures="0" tests="2" name="testNgPackage_SimilarProgramPractice.AssertAfterLogIn" time="9.390" errors="0" timestamp="2022-09-12T23:48:40 EDT" skipped="0">
  <testcase classname="testNgPackage_SimilarProgramPractice.AssertAfterLogIn" name="assertHomePage" time="3.078"/>
  <system-out/>
  <testcase classname="testNgPackage_SimilarProgramPractice.AssertAfterLogIn" name="performLogin" time="6.312"/>
  <system-out/>
</testsuite> <!-- testNgPackage_SimilarProgramPractice.AssertAfterLogIn -->
