<?xml version="1.0" encoding="UTF-8"?>
<!-- Generated by org.testng.reporters.JUnitReportReporter -->
<testsuite hostname="DESKTOP-B8PP1IT" failures="0" tests="1" name="testNgPackage.NewTest" time="0.008" errors="0" timestamp="2022-08-31T00:13:31 EDT" skipped="0">
  <testcase classname="testNgPackage.NewTest" name="f" time="0.008"/>
  <system-out/>
</testsuite> <!-- testNgPackage.NewTest -->
