<?xml version="1.0" encoding="UTF-8"?>
<!-- Generated by org.testng.reporters.JUnitReportReporter -->
<testsuite hostname="DESKTOP-B8PP1IT" failures="0" tests="8" name="testNgPackage.ArrivalsImage_AddToBasket" time="67.357" errors="0" timestamp="2022-09-09T15:28:47 EDT" skipped="0">
  <testcase classname="testNgPackage.ArrivalsImage_AddToBasket" name="ClikingOnAddToBasketButton" time="12.271"/>
  <system-out/>
  <testcase classname="testNgPackage.ArrivalsImage_AddToBasket" name="ViewMenuItemWithPrice" time="8.443"/>
  <system-out/>
  <testcase classname="testNgPackage.ArrivalsImage_AddToBasket" name="ClikingOnHomeButton" time="6.902"/>
  <system-out/>
  <testcase classname="testNgPackage.ArrivalsImage_AddToBasket" name="openingBrowser" time="11.110"/>
  <system-out/>
  <testcase classname="testNgPackage.ArrivalsImage_AddToBasket" name="enteringUrl" time="2.008"/>
  <system-out/>
  <testcase classname="testNgPackage.ArrivalsImage_AddToBasket" name="ClikingOnShopButton" time="6.620"/>
  <system-out/>
  <testcase classname="testNgPackage.ArrivalsImage_AddToBasket" name="HomePageThreeSliders" time="6.241"/>
  <system-out/>
  <testcase classname="testNgPackage.ArrivalsImage_AddToBasket" name="ClikingTheImageInArravals" time="13.762"/>
  <system-out/>
</testsuite> <!-- testNgPackage.ArrivalsImage_AddToBasket -->
