<?xml version="1.0" encoding="UTF-8"?>
<!-- Generated by org.testng.reporters.JUnitReportReporter -->
<testsuite hostname="DESKTOP-B8PP1IT" failures="0" tests="3" name="testNgPackage.DataProviderClass" time="16.444" errors="0" timestamp="2022-09-08T09:20:46 EDT" skipped="0">
  <testcase classname="testNgPackage.DataProviderClass" name="checking" time="5.171"/>
  <system-out/>
  <testcase classname="testNgPackage.DataProviderClass" name="checking" time="6.745"/>
  <system-out/>
  <testcase classname="testNgPackage.DataProviderClass" name="checking" time="4.528"/>
  <system-out/>
</testsuite> <!-- testNgPackage.DataProviderClass -->
