<?xml version="1.0" encoding="UTF-8"?>
<!-- Generated by org.testng.reporters.JUnitReportReporter -->
<testsuite hostname="DESKTOP-B8PP1IT" failures="0" tests="8" name="testNgPackage.BeforeAfterClassTwo" time="69.636" errors="0" timestamp="2022-09-09T13:04:17 EDT" skipped="0">
  <testcase classname="testNgPackage.BeforeAfterClassTwo" name="addingBookIntoBasket" time="6.174"/>
  <system-out/>
  <testcase classname="testNgPackage.BeforeAfterClassTwo" name="ShopButton" time="4.834"/>
  <system-out/>
  <testcase classname="testNgPackage.BeforeAfterClassTwo" name="threeSliders" time="8.407"/>
  <system-out/>
  <testcase classname="testNgPackage.BeforeAfterClassTwo" name="clickingOnDescription" time="15.663"/>
  <system-out/>
  <testcase classname="testNgPackage.BeforeAfterClassTwo" name="clickHomeButton" time="5.009"/>
  <system-out/>
  <testcase classname="testNgPackage.BeforeAfterClassTwo" name="arrivalImage" time="19.994"/>
  <system-out/>
  <testcase classname="testNgPackage.BeforeAfterClassTwo" name="openingUrl" time="2.011"/>
  <system-out/>
  <testcase classname="testNgPackage.BeforeAfterClassTwo" name="OpeningBrowserTwo" time="7.544"/>
  <system-out/>
</testsuite> <!-- testNgPackage.BeforeAfterClassTwo -->
