<?xml version="1.0" encoding="UTF-8"?>
<!-- Generated by org.testng.reporters.JUnitReportReporter -->
<testsuite hostname="DESKTOP-B8PP1IT" failures="0" tests="1" name="testNgPackage.BefreAfterClass" time="36.518" errors="0" timestamp="2022-08-31T00:07:42 EDT" skipped="0">
  <testcase classname="testNgPackage.BefreAfterClass" name="performLogin" time="36.518"/>
  <system-out/>
</testsuite> <!-- testNgPackage.BefreAfterClass -->
