<?xml version="1.0" encoding="UTF-8"?>
<!-- Generated by org.testng.reporters.JUnitReportReporter -->
<testsuite hostname="DESKTOP-B8PP1IT" failures="0" tests="2" name="testNgPackage.AssertLogin" time="10.077" errors="0" timestamp="2022-08-24T11:32:34 EDT" skipped="0">
  <testcase classname="testNgPackage.AssertLogin" name="assertHomePage" time="2.047"/>
  <system-out/>
  <testcase classname="testNgPackage.AssertLogin" name="performLogin" time="8.030"/>
  <system-out/>
</testsuite> <!-- testNgPackage.AssertLogin -->
