<?xml version="1.0" encoding="UTF-8"?>
<!-- Generated by org.testng.reporters.JUnitReportReporter -->
<testsuite hostname="DESKTOP-B8PP1IT" failures="0" tests="3" name="testNgPackage.OpenWebsite" time="87.445" errors="0" timestamp="2022-08-23T19:06:38 EDT" skipped="0">
  <testcase classname="testNgPackage.OpenWebsite" name="OpeningAmazonSite" time="26.840"/>
  <system-out/>
  <testcase classname="testNgPackage.OpenWebsite" name="openingYahooSite" time="18.700"/>
  <system-out/>
  <testcase classname="testNgPackage.OpenWebsite" name="openingCnbcSite" time="41.905"/>
  <system-out/>
</testsuite> <!-- testNgPackage.OpenWebsite -->
