<?xml version="1.0" encoding="UTF-8"?>
<!-- Generated by org.testng.reporters.JUnitReportReporter -->
<testsuite hostname="DESKTOP-B8PP1IT" failures="0" tests="1" name="testNgPackage.ArrivalImageReviews" time="56.592" errors="0" timestamp="2022-08-30T11:40:11 EDT" skipped="0">
  <testcase classname="testNgPackage.ArrivalImageReviews" name="ReviwingImage" time="56.592"/>
  <system-out/>
</testsuite> <!-- testNgPackage.ArrivalImageReviews -->
