<?xml version="1.0" encoding="UTF-8"?>
<!-- Generated by org.testng.reporters.JUnitReportReporter -->
<testsuite hostname="DESKTOP-B8PP1IT" failures="0" tests="3" name="testNgPackage.DependencyClass" time="17.578" errors="0" timestamp="2022-08-30T22:19:56 EDT" skipped="0">
  <testcase classname="testNgPackage.DependencyClass" name="OpeningYahooSite" time="6.429"/>
  <system-out/>
  <testcase classname="testNgPackage.DependencyClass" name="OpeningAmazonSite" time="6.312"/>
  <system-out/>
  <testcase classname="testNgPackage.DependencyClass" name="OpeningCNBCSite" time="4.837"/>
  <system-out/>
</testsuite> <!-- testNgPackage.DependencyClass -->
