<?xml version="1.0" encoding="UTF-8"?>
<!-- Generated by org.testng.reporters.JUnitReportReporter -->
<testsuite hostname="DESKTOP-B8PP1IT" failures="0" tests="8" name="firstAssignmentPackage.ArrivalImage_AddToBasket" time="65.020" errors="0" timestamp="2022-09-09T16:21:43 EDT" skipped="0">
  <testcase classname="firstAssignmentPackage.ArrivalImage_AddToBasket" name="ClikingOnHomeButton" time="5.320"/>
  <system-out/>
  <testcase classname="firstAssignmentPackage.ArrivalImage_AddToBasket" name="ViewMenuItemWithPrice" time="7.961"/>
  <system-out/>
  <testcase classname="firstAssignmentPackage.ArrivalImage_AddToBasket" name="ClikingOnAddToBasketButton" time="12.253"/>
  <system-out/>
  <testcase classname="firstAssignmentPackage.ArrivalImage_AddToBasket" name="openingBrowser" time="8.110"/>
  <system-out/>
  <testcase classname="firstAssignmentPackage.ArrivalImage_AddToBasket" name="enteringUrl" time="2.009"/>
  <system-out/>
  <testcase classname="firstAssignmentPackage.ArrivalImage_AddToBasket" name="ClikingOnShopButton" time="4.877"/>
  <system-out/>
  <testcase classname="firstAssignmentPackage.ArrivalImage_AddToBasket" name="HomePageThreeSliders" time="6.235"/>
  <system-out/>
  <testcase classname="firstAssignmentPackage.ArrivalImage_AddToBasket" name="ClikingTheImageInArravals" time="18.255"/>
  <system-out/>
</testsuite> <!-- firstAssignmentPackage.ArrivalImage_AddToBasket -->
