<?xml version="1.0" encoding="UTF-8"?>
<!-- Generated by org.testng.reporters.JUnitReportReporter -->
<testsuite hostname="DESKTOP-B8PP1IT" failures="0" tests="1" name="testNgPackage.BefreAfterClass" time="6.551" errors="0" timestamp="2022-08-26T17:31:46 EDT" skipped="0">
  <testcase classname="testNgPackage.BefreAfterClass" name="performLogin" time="6.551"/>
  <system-out/>
</testsuite> <!-- testNgPackage.BefreAfterClass -->
