<?xml version="1.0" encoding="UTF-8"?>
<!-- Generated by org.testng.reporters.JUnitReportReporter -->
<testsuite hostname="DESKTOP-B8PP1IT" failures="0" tests="8" name="testNgPackage.ArrivalsImage_Description" time="75.689" errors="0" timestamp="2022-09-09T16:08:25 EDT" skipped="0">
  <testcase classname="testNgPackage.ArrivalsImage_Description" name="addingBookIntoBasket" time="6.276"/>
  <system-out/>
  <testcase classname="testNgPackage.ArrivalsImage_Description" name="ShopButton" time="4.114"/>
  <system-out/>
  <testcase classname="testNgPackage.ArrivalsImage_Description" name="threeSliders" time="8.305"/>
  <system-out/>
  <testcase classname="testNgPackage.ArrivalsImage_Description" name="clickingOnDescription" time="19.269"/>
  <system-out/>
  <testcase classname="testNgPackage.ArrivalsImage_Description" name="clickHomeButton" time="4.791"/>
  <system-out/>
  <testcase classname="testNgPackage.ArrivalsImage_Description" name="arrivalImage" time="22.837"/>
  <system-out/>
  <testcase classname="testNgPackage.ArrivalsImage_Description" name="openingUrl" time="2.015"/>
  <system-out/>
  <testcase classname="testNgPackage.ArrivalsImage_Description" name="OpeningBrowserTwo" time="8.082"/>
  <system-out/>
</testsuite> <!-- testNgPackage.ArrivalsImage_Description -->
