<?xml version="1.0" encoding="UTF-8"?>
<!-- Generated by org.testng.reporters.JUnitReportReporter -->
<testsuite hostname="DESKTOP-B8PP1IT" failures="0" tests="8" name="testNgPackage.ArrivalsImage_Description" time="108.499" errors="0" timestamp="2022-09-09T14:38:55 EDT" skipped="0">
  <testcase classname="testNgPackage.ArrivalsImage_Description" name="addingBookIntoBasket" time="6.272"/>
  <system-out/>
  <testcase classname="testNgPackage.ArrivalsImage_Description" name="ShopButton" time="8.407"/>
  <system-out/>
  <testcase classname="testNgPackage.ArrivalsImage_Description" name="threeSliders" time="8.250"/>
  <system-out/>
  <testcase classname="testNgPackage.ArrivalsImage_Description" name="clickingOnDescription" time="24.993"/>
  <system-out/>
  <testcase classname="testNgPackage.ArrivalsImage_Description" name="clickHomeButton" time="9.605"/>
  <system-out/>
  <testcase classname="testNgPackage.ArrivalsImage_Description" name="arrivalImage" time="37.547"/>
  <system-out/>
  <testcase classname="testNgPackage.ArrivalsImage_Description" name="openingUrl" time="2.009"/>
  <system-out/>
  <testcase classname="testNgPackage.ArrivalsImage_Description" name="OpeningBrowserTwo" time="11.416"/>
  <system-out/>
</testsuite> <!-- testNgPackage.ArrivalsImage_Description -->
