<?xml version="1.0" encoding="UTF-8"?>
<!-- Generated by org.testng.reporters.JUnitReportReporter -->
<testsuite hostname="DESKTOP-B8PP1IT" failures="0" tests="1" name="testNgPackage.OpeningBrowserClassOne" time="59.927" errors="0" timestamp="2022-09-08T09:18:26 EDT" skipped="0">
  <testcase classname="testNgPackage.OpeningBrowserClassOne" name="OpeningBrowser" time="59.927"/>
  <system-out/>
</testsuite> <!-- testNgPackage.OpeningBrowserClassOne -->
