<?xml version="1.0" encoding="UTF-8"?>
<!-- Generated by org.testng.reporters.JUnitReportReporter -->
<testsuite hostname="DESKTOP-B8PP1IT" failures="0" tests="1" name="testNgPackage.BefreAfterClass" time="7.036" errors="0" timestamp="2022-08-24T10:57:03 EDT" skipped="0">
  <testcase classname="testNgPackage.BefreAfterClass" name="performLogin" time="7.036"/>
  <system-out/>
</testsuite> <!-- testNgPackage.BefreAfterClass -->
