<?xml version="1.0" encoding="UTF-8"?>
<!-- Generated by org.testng.reporters.JUnitReportReporter -->
<testsuite hostname="DESKTOP-B8PP1IT" failures="0" tests="1" name="testNgPackage.NewTest" time="0.007" errors="0" timestamp="2022-08-23T18:56:34 EDT" skipped="0">
  <testcase classname="testNgPackage.NewTest" name="f" time="0.007"/>
  <system-out/>
</testsuite> <!-- testNgPackage.NewTest -->
