<?xml version="1.0" encoding="UTF-8"?>
<!-- Generated by org.testng.reporters.JUnitReportReporter -->
<testsuite hostname="DESKTOP-B8PP1IT" failures="0" tests="1" name="testNgPackage.AssertTitle" time="2.839" errors="0" timestamp="2022-08-31T00:38:07 EDT" skipped="0">
  <testcase classname="testNgPackage.AssertTitle" name="checkGoogleSite" time="2.839"/>
  <system-out/>
</testsuite> <!-- testNgPackage.AssertTitle -->
