<?xml version="1.0" encoding="UTF-8"?>
<!-- Generated by org.testng.reporters.JUnitReportReporter -->
<testsuite hostname="DESKTOP-B8PP1IT" failures="0" tests="8" name="firstAssignmentPackage.ArrivalImage_Review" time="75.067" errors="0" timestamp="2022-09-09T16:15:34 EDT" skipped="0">
  <testcase classname="firstAssignmentPackage.ArrivalImage_Review" name="addingBooksInBasket" time="6.245"/>
  <system-out/>
  <testcase classname="firstAssignmentPackage.ArrivalImage_Review" name="clickingOnReviewsTab" time="20.713"/>
  <system-out/>
  <testcase classname="firstAssignmentPackage.ArrivalImage_Review" name="ClickingOnShopButton" time="5.387"/>
  <system-out/>
  <testcase classname="firstAssignmentPackage.ArrivalImage_Review" name="MoveToThreeSliders" time="6.448"/>
  <system-out/>
  <testcase classname="firstAssignmentPackage.ArrivalImage_Review" name="ClickOnHomeButton" time="6.295"/>
  <system-out/>
  <testcase classname="firstAssignmentPackage.ArrivalImage_Review" name="clickingImageInArrivals" time="21.825"/>
  <system-out/>
  <testcase classname="firstAssignmentPackage.ArrivalImage_Review" name="OpningUrl" time="3.018"/>
  <system-out/>
  <testcase classname="firstAssignmentPackage.ArrivalImage_Review" name="openingBrowser" time="5.136"/>
  <system-out/>
</testsuite> <!-- firstAssignmentPackage.ArrivalImage_Review -->
