<?xml version="1.0" encoding="UTF-8"?>
<!-- Generated by org.testng.reporters.JUnitReportReporter -->
<testsuite hostname="DESKTOP-B8PP1IT" failures="0" tests="8" name="testNgPackage.OpenBrowserClass" time="145.390" errors="0" timestamp="2022-08-29T13:59:46 EDT" skipped="0">
  <testcase classname="testNgPackage.OpenBrowserClass" name="ClickOnTheHomeButton" time="15.718"/>
  <system-out/>
  <testcase classname="testNgPackage.OpenBrowserClass" name="ClikingImageArrivals" time="36.106"/>
  <system-out/>
  <testcase classname="testNgPackage.OpenBrowserClass" name="HomePageThreeSliders" time="16.831"/>
  <system-out/>
  <testcase classname="testNgPackage.OpenBrowserClass" name="OpeningBrowser" time="9.353"/>
  <system-out/>
  <testcase classname="testNgPackage.OpenBrowserClass" name="ClickOnDescriptionTab" time="26.887"/>
  <system-out/>
  <testcase classname="testNgPackage.OpenBrowserClass" name="EnterTheUrl" time="8.858"/>
  <system-out/>
  <testcase classname="testNgPackage.OpenBrowserClass" name="AddTheBookIntotheBasket" time="19.901"/>
  <system-out/>
  <testcase classname="testNgPackage.OpenBrowserClass" name="ClickOnTheShopButton" time="11.736"/>
  <system-out/>
</testsuite> <!-- testNgPackage.OpenBrowserClass -->
