<?xml version="1.0" encoding="UTF-8"?>
<!-- Generated by org.testng.reporters.JUnitReportReporter -->
<testsuite hostname="DESKTOP-B8PP1IT" failures="0" tests="1" name="testNgPackage.BefreAfterClass" time="5.335" errors="0" timestamp="2022-09-20T21:13:08 EDT" skipped="0">
  <testcase classname="testNgPackage.BefreAfterClass" name="performLogin" time="5.335"/>
  <system-out/>
</testsuite> <!-- testNgPackage.BefreAfterClass -->
