<?xml version="1.0" encoding="UTF-8"?>
<!-- Generated by org.testng.reporters.JUnitReportReporter -->
<testsuite hostname="DESKTOP-B8PP1IT" failures="0" tests="3" name="testNgPackage_SimilarProgramPractice.PriorityTestTwo" time="19.935" errors="0" timestamp="2022-09-12T13:33:27 EDT" skipped="0">
  <testcase classname="testNgPackage_SimilarProgramPractice.PriorityTestTwo" name="OpeningItLearn360page" time="8.878"/>
  <system-out/>
  <testcase classname="testNgPackage_SimilarProgramPractice.PriorityTestTwo" name="OpeningGitHubSite" time="5.991"/>
  <system-out/>
  <testcase classname="testNgPackage_SimilarProgramPractice.PriorityTestTwo" name="OpeningDemosite" time="5.066"/>
  <system-out/>
</testsuite> <!-- testNgPackage_SimilarProgramPractice.PriorityTestTwo -->
