<?xml version="1.0" encoding="UTF-8"?>
<!-- Generated by org.testng.reporters.JUnitReportReporter -->
<testsuite hostname="DESKTOP-B8PP1IT" failures="0" tests="8" name="testNgPackage.ArrivalImageReviews" time="71.860" errors="0" timestamp="2022-09-09T16:13:15 EDT" skipped="0">
  <testcase classname="testNgPackage.ArrivalImageReviews" name="OpningUrl" time="3.016"/>
  <system-out/>
  <testcase classname="testNgPackage.ArrivalImageReviews" name="addingBooksInBasket" time="6.269"/>
  <system-out/>
  <testcase classname="testNgPackage.ArrivalImageReviews" name="ClickingOnShopButton" time="5.309"/>
  <system-out/>
  <testcase classname="testNgPackage.ArrivalImageReviews" name="clickingOnReviewsTab" time="19.195"/>
  <system-out/>
  <testcase classname="testNgPackage.ArrivalImageReviews" name="clickingImageInArrivals" time="21.391"/>
  <system-out/>
  <testcase classname="testNgPackage.ArrivalImageReviews" name="ClickOnHomeButton" time="5.039"/>
  <system-out/>
  <testcase classname="testNgPackage.ArrivalImageReviews" name="MoveToThreeSliders" time="6.253"/>
  <system-out/>
  <testcase classname="testNgPackage.ArrivalImageReviews" name="openingBrowser" time="5.388"/>
  <system-out/>
</testsuite> <!-- testNgPackage.ArrivalImageReviews -->
