<?xml version="1.0" encoding="UTF-8"?>
<!-- Generated by org.testng.reporters.JUnitReportReporter -->
<testsuite hostname="DESKTOP-B8PP1IT" failures="0" tests="1" name="testNgPackage.OpeningBrowserClassOne" time="69.561" errors="0" timestamp="2022-08-29T15:13:51 EDT" skipped="0">
  <testcase classname="testNgPackage.OpeningBrowserClassOne" name="OpeningBrowser" time="69.561"/>
  <system-out/>
</testsuite> <!-- testNgPackage.OpeningBrowserClassOne -->
