<?xml version="1.0" encoding="UTF-8"?>
<!-- Generated by org.testng.reporters.JUnitReportReporter -->
<testsuite hostname="DESKTOP-B8PP1IT" failures="0" tests="8" name="testNgPackage.OpenBrowserClass" time="157.015" errors="0" timestamp="2022-08-30T12:41:26 EDT" skipped="0">
  <testcase classname="testNgPackage.OpenBrowserClass" name="HomePageThreeSliders" time="26.870"/>
  <system-out/>
  <testcase classname="testNgPackage.OpenBrowserClass" name="ClickOnTheHomeButton" time="19.577"/>
  <system-out/>
  <testcase classname="testNgPackage.OpenBrowserClass" name="ClikingImageArrivals" time="33.339"/>
  <system-out/>
  <testcase classname="testNgPackage.OpenBrowserClass" name="ClickOnDescriptionTab" time="23.260"/>
  <system-out/>
  <testcase classname="testNgPackage.OpenBrowserClass" name="EnterTheUrl" time="9.368"/>
  <system-out/>
  <testcase classname="testNgPackage.OpenBrowserClass" name="ClickOnTheShopButton" time="13.193"/>
  <system-out/>
  <testcase classname="testNgPackage.OpenBrowserClass" name="OpeningBrowser" time="10.270"/>
  <system-out/>
  <testcase classname="testNgPackage.OpenBrowserClass" name="AddTheBookIntotheBasket" time="21.138"/>
  <system-out/>
</testsuite> <!-- testNgPackage.OpenBrowserClass -->
