<?xml version="1.0" encoding="UTF-8"?>
<!-- Generated by org.testng.reporters.JUnitReportReporter -->
<testsuite hostname="DESKTOP-B8PP1IT" failures="0" tests="3" name="testNgPackage.DependencyClass" time="24.456" errors="0" timestamp="2022-09-20T19:32:52 EDT" skipped="0">
  <testcase classname="testNgPackage.DependencyClass" name="OpeningYouTube" time="10.209"/>
  <system-out/>
  <testcase classname="testNgPackage.DependencyClass" name="OpenMicrosoftWebPage" time="6.070"/>
  <system-out/>
  <testcase classname="testNgPackage.DependencyClass" name="OpenAppleWebpage" time="8.177"/>
  <system-out/>
</testsuite> <!-- testNgPackage.DependencyClass -->
