<?xml version="1.0" encoding="UTF-8"?>
<!-- Generated by org.testng.reporters.JUnitReportReporter -->
<testsuite hostname="DESKTOP-B8PP1IT" failures="0" tests="1" name="testNgPackage.AssertTitle" time="8.275" errors="0" timestamp="2022-09-21T21:21:53 EDT" skipped="0">
  <testcase classname="testNgPackage.AssertTitle" name="checkGoogleSite" time="8.275"/>
  <system-out/>
</testsuite> <!-- testNgPackage.AssertTitle -->
