<?xml version="1.0" encoding="UTF-8"?>
<!-- Generated by org.testng.reporters.JUnitReportReporter -->
<testsuite hostname="DESKTOP-B8PP1IT" failures="0" tests="3" name="testNgPackage.DataProviderClass" time="17.438" errors="0" timestamp="2022-09-24T17:43:33 EDT" skipped="0">
  <testcase classname="testNgPackage.DataProviderClass" name="checking" time="7.046"/>
  <system-out/>
  <testcase classname="testNgPackage.DataProviderClass" name="checking" time="5.847"/>
  <system-out/>
  <testcase classname="testNgPackage.DataProviderClass" name="checking" time="4.545"/>
  <system-out/>
</testsuite> <!-- testNgPackage.DataProviderClass -->
