<?xml version="1.0" encoding="UTF-8"?>
<!-- Generated by org.testng.reporters.JUnitReportReporter -->
<testsuite hostname="DESKTOP-B8PP1IT" failures="0" tests="1" name="testNgPackage.BeforeAfterClass" time="4.288" errors="0" timestamp="2022-09-20T21:12:39 EDT" skipped="0">
  <testcase classname="testNgPackage.BeforeAfterClass" name="PerformingLogIn" time="4.288"/>
  <system-out/>
</testsuite> <!-- testNgPackage.BeforeAfterClass -->
