<?xml version="1.0" encoding="UTF-8"?>
<!-- Generated by org.testng.reporters.JUnitReportReporter -->
<testsuite hostname="DESKTOP-B8PP1IT" failures="0" tests="2" name="testNgPackage.AssertAfterLogin" time="8.835" errors="0" timestamp="2022-09-21T22:59:35 EDT" skipped="0">
  <testcase classname="testNgPackage.AssertAfterLogin" name="performLogin" time="5.783"/>
  <system-out/>
  <testcase classname="testNgPackage.AssertAfterLogin" name="assertHomePage" time="3.052"/>
  <system-out/>
</testsuite> <!-- testNgPackage.AssertAfterLogin -->
