<?xml version="1.0" encoding="UTF-8"?>
<!-- Generated by org.testng.reporters.JUnitReportReporter -->
<testsuite hostname="DESKTOP-B8PP1IT" failures="0" tests="3" name="testNgPackage.PriorityTest" time="23.876" errors="0" timestamp="2022-09-20T19:09:25 EDT" skipped="0">
  <testcase classname="testNgPackage.PriorityTest" name="OpeningAppleWebsite" time="9.629"/>
  <system-out/>
  <testcase classname="testNgPackage.PriorityTest" name="OpeningYouTube" time="6.252"/>
  <system-out/>
  <testcase classname="testNgPackage.PriorityTest" name="OpeningAppleWebpage" time="7.995"/>
  <system-out/>
</testsuite> <!-- testNgPackage.PriorityTest -->
