<?xml version="1.0" encoding="UTF-8"?>
<!-- Generated by org.testng.reporters.JUnitReportReporter -->
<testsuite hostname="DESKTOP-B8PP1IT" failures="0" tests="3" name="testNgPackage.OpenWebsites" time="26.186" errors="0" timestamp="2022-09-20T22:01:31 EDT" skipped="0">
  <testcase classname="testNgPackage.OpenWebsites" name="OpeningAppleWebPage" time="8.357"/>
  <system-out/>
  <testcase classname="testNgPackage.OpenWebsites" name="OpeningYouTubeWebpage" time="11.911"/>
  <system-out/>
  <testcase classname="testNgPackage.OpenWebsites" name="OpeningMicrosoftWebPage" time="5.918"/>
  <system-out/>
</testsuite> <!-- testNgPackage.OpenWebsites -->
